This file contains any messages produced by compilers while
running configure, to aid debugging if configure makes a mistake.

It was created by configure, which was
generated by GNU Autoconf 2.61.  Invocation command line was

  $ ./configure --prefix=/usr/local --cache-file=/dev/null --srcdir=.

## --------- ##
## Platform. ##
## --------- ##

hostname = vp081070.reshsg.uci.edu
uname -m = i386
uname -r = 9.4.0
uname -s = Darwin
uname -v = Darwin Kernel Version 9.4.0: Mon Jun  9 19:30:53 PDT 2008; root:xnu-1228.5.20~1/RELEASE_I386

/usr/bin/uname -p = i386
/bin/uname -X     = unknown

/bin/arch              = unknown
/usr/bin/arch -k       = unknown
/usr/convex/getsysinfo = unknown
/usr/bin/hostinfo      = Mach kernel version:
	 Darwin Kernel Version 9.4.0: Mon Jun  9 19:30:53 PDT 2008; root:xnu-1228.5.20~1/RELEASE_I386
Kernel configured for up to 2 processors.
2 processors are physically available.
2 processors are logically available.
Processor type: i486 (Intel 80486)
Processors active: 0 1
Primary memory available: 2.00 gigabytes
Default processor set: 79 tasks, 251 threads, 2 processors
Load average: 1.25, Mach factor: 0.74
/bin/machine           = unknown
/usr/bin/oslevel       = unknown
/bin/universe          = unknown

PATH: /usr/bin
PATH: /bin
PATH: /usr/sbin
PATH: /sbin
PATH: /usr/local/bin
PATH: /usr/X11/bin
PATH: /opt/local/bin
PATH: /opt/local/sbin
PATH: /Users/mjhsieh/bin
PATH: /Users/mjhsieh/bin
PATH: /Developer/usr/llvm-gcc-4.2/bin
PATH: /opt/amber9/exe


## ----------- ##
## Core tests. ##
## ----------- ##

configure:1768: checking build system type
configure:1786: result: i686-apple-darwin9.4.0
configure:1808: checking host system type
configure:1823: result: i686-apple-darwin9.4.0
configure:1937: checking for gcc
configure:1953: found /usr/bin/gcc
configure:1964: result: gcc
configure:2202: checking for C compiler version
configure:2209: gcc --version >&5
i686-apple-darwin9-gcc-4.0.1 (GCC) 4.0.1 (Apple Inc. build 5484)
Copyright (C) 2005 Free Software Foundation, Inc.
This is free software; see the source for copying conditions.  There is NO
warranty; not even for MERCHANTABILITY or FITNESS FOR A PARTICULAR PURPOSE.

configure:2212: $? = 0
configure:2219: gcc -v >&5
Using built-in specs.
Target: i686-apple-darwin9
Configured with: /var/tmp/gcc/gcc-5484~1/src/configure --disable-checking -enable-werror --prefix=/usr --mandir=/share/man --enable-languages=c,objc,c++,obj-c++ --program-transform-name=/^[cg][^.-]*$/s/$/-4.0/ --with-gxx-include-dir=/include/c++/4.0.0 --with-slibdir=/usr/lib --build=i686-apple-darwin9 --with-arch=apple --with-tune=generic --host=i686-apple-darwin9 --target=i686-apple-darwin9
Thread model: posix
gcc version 4.0.1 (Apple Inc. build 5484)
configure:2222: $? = 0
configure:2229: gcc -V >&5
gcc-4.0: argument to `-V' is missing
configure:2232: $? = 1
configure:2255: checking for C compiler default output file name
configure:2282: gcc    conftest.c  >&5
configure:2285: $? = 0
configure:2323: result: a.out
configure:2340: checking whether the C compiler works
configure:2350: ./a.out
configure:2353: $? = 0
configure:2370: result: yes
configure:2377: checking whether we are cross compiling
configure:2379: result: no
configure:2382: checking for suffix of executables
configure:2389: gcc -o conftest    conftest.c  >&5
configure:2392: $? = 0
configure:2416: result: 
configure:2422: checking for suffix of object files
configure:2448: gcc -c   conftest.c >&5
configure:2451: $? = 0
configure:2474: result: o
configure:2478: checking whether we are using the GNU C compiler
configure:2507: gcc -c   conftest.c >&5
configure:2513: $? = 0
configure:2530: result: yes
configure:2535: checking whether gcc accepts -g
configure:2565: gcc -c -g  conftest.c >&5
configure:2571: $? = 0
configure:2670: result: yes
configure:2687: checking for gcc option to accept ISO C89
configure:2761: gcc  -c -g -O2  conftest.c >&5
configure:2767: $? = 0
configure:2790: result: none needed
configure:2813: checking how to run the C preprocessor
configure:2853: gcc -E  conftest.c
configure:2859: $? = 0
configure:2890: gcc -E  conftest.c
conftest.c:9:28: error: ac_nonexistent.h: No such file or directory
configure:2896: $? = 1
configure: failed program was:
| /* confdefs.h.  */
| #define PACKAGE_NAME ""
| #define PACKAGE_TARNAME ""
| #define PACKAGE_VERSION ""
| #define PACKAGE_STRING ""
| #define PACKAGE_BUGREPORT ""
| #define UNIX 1
| /* end confdefs.h.  */
| #include <ac_nonexistent.h>
configure:2929: result: gcc -E
configure:2958: gcc -E  conftest.c
configure:2964: $? = 0
configure:2995: gcc -E  conftest.c
conftest.c:9:28: error: ac_nonexistent.h: No such file or directory
configure:3001: $? = 1
configure: failed program was:
| /* confdefs.h.  */
| #define PACKAGE_NAME ""
| #define PACKAGE_TARNAME ""
| #define PACKAGE_VERSION ""
| #define PACKAGE_STRING ""
| #define PACKAGE_BUGREPORT ""
| #define UNIX 1
| /* end confdefs.h.  */
| #include <ac_nonexistent.h>
configure:3096: checking for g++
configure:3112: found /usr/bin/g++
configure:3123: result: g++
configure:3154: checking for C++ compiler version
configure:3161: g++ --version >&5
i686-apple-darwin9-g++-4.0.1 (GCC) 4.0.1 (Apple Inc. build 5484)
Copyright (C) 2005 Free Software Foundation, Inc.
This is free software; see the source for copying conditions.  There is NO
warranty; not even for MERCHANTABILITY or FITNESS FOR A PARTICULAR PURPOSE.

configure:3164: $? = 0
configure:3171: g++ -v >&5
Using built-in specs.
Target: i686-apple-darwin9
Configured with: /var/tmp/gcc/gcc-5484~1/src/configure --disable-checking -enable-werror --prefix=/usr --mandir=/share/man --enable-languages=c,objc,c++,obj-c++ --program-transform-name=/^[cg][^.-]*$/s/$/-4.0/ --with-gxx-include-dir=/include/c++/4.0.0 --with-slibdir=/usr/lib --build=i686-apple-darwin9 --with-arch=apple --with-tune=generic --host=i686-apple-darwin9 --target=i686-apple-darwin9
Thread model: posix
gcc version 4.0.1 (Apple Inc. build 5484)
configure:3174: $? = 0
configure:3181: g++ -V >&5
g++-4.0: argument to `-V' is missing
configure:3184: $? = 1
configure:3187: checking whether we are using the GNU C++ compiler
configure:3216: g++ -c   conftest.cpp >&5
configure:3222: $? = 0
configure:3239: result: yes
configure:3244: checking whether g++ accepts -g
configure:3274: g++ -c -g  conftest.cpp >&5
configure:3280: $? = 0
configure:3379: result: yes
configure:3445: checking for ranlib
configure:3461: found /usr/bin/ranlib
configure:3472: result: ranlib
configure:3511: checking for a BSD-compatible install
configure:3567: result: /usr/bin/install -c
configure:3580: checking for find
configure:3596: found /usr/bin/find
configure:3608: result: find
configure:3618: checking for makedepend
configure:3634: found /usr/X11/bin/makedepend
configure:3646: result: makedepend
configure:3655: checking for dlopen in -ldl
configure:3690: gcc -o conftest -g -O2   conftest.c -ldl   >&5
configure:3696: $? = 0
configure:3714: result: yes
configure:3729: checking for X
configure:3964: result: libraries /usr/X11/lib, headers /usr/X11/include
configure:3986: checking whether -R must be followed by a space
configure:4012: gcc -o conftest -g -O2   conftest.c  -R/usr/X11/lib >&5
configure:4018: $? = 0
configure:4024: result: no
configure:4125: gcc -o conftest -g -O2   conftest.c   -L/usr/X11/lib -R/usr/X11/lib -lX11 >&5
configure:4131: $? = 0
configure:4288: checking for gethostbyname
configure:4344: gcc -o conftest -g -O2   conftest.c  >&5
configure:4350: $? = 0
configure:4367: result: yes
configure:4512: checking for connect
configure:4568: gcc -o conftest -g -O2   conftest.c  >&5
configure:4574: $? = 0
configure:4591: result: yes
configure:4663: checking for remove
configure:4719: gcc -o conftest -g -O2   conftest.c  >&5
configure:4725: $? = 0
configure:4742: result: yes
configure:4814: checking for shmat
configure:4870: gcc -o conftest -g -O2   conftest.c  >&5
configure:4876: $? = 0
configure:4893: result: yes
configure:4974: checking for IceConnectionNumber in -lICE
configure:5009: gcc -o conftest -g -O2   -L/usr/X11/lib conftest.c -lICE   >&5
configure:5015: $? = 0
configure:5033: result: yes
configure:5057: checking for main in -lm
configure:5086: gcc -o conftest -g -O2  -I/usr/X11/include -I/usr/local/include    -L/usr/X11/lib -R/usr/X11/lib -L/usr/local/lib conftest.c -lm   >&5
configure:5092: $? = 0
configure:5110: result: yes
configure:5124: checking for main in -lX11
configure:5153: gcc -o conftest -g -O2  -I/usr/X11/include -I/usr/local/include    -L/usr/X11/lib -R/usr/X11/lib -L/usr/local/lib -lm conftest.c -lX11   >&5
configure:5159: $? = 0
configure:5177: result: yes
configure:5186: checking for main in -lgd
configure:5215: gcc -o conftest -g -O2  -I/usr/X11/include -I/usr/local/include    -L/usr/X11/lib -R/usr/X11/lib -L/usr/local/lib -lm -lX11 conftest.c -lgd   >&5
ld: library not found for -lgd
collect2: ld returned 1 exit status
configure:5221: $? = 1
configure: failed program was:
| /* confdefs.h.  */
| #define PACKAGE_NAME ""
| #define PACKAGE_TARNAME ""
| #define PACKAGE_VERSION ""
| #define PACKAGE_STRING ""
| #define PACKAGE_BUGREPORT ""
| #define UNIX 1
| #define DO_PS 1
| #define DO_FIG 1
| #define DO_X11 1
| /* end confdefs.h.  */
| 
| 
| int
| main ()
| {
| return main ();
|   ;
|   return 0;
| }
configure:5239: result: no
configure:5343: checking host system type
configure:5358: result: i686-apple-darwin9.4.0
configure:5614: checking for grep that handles long lines and -e
configure:5688: result: /usr/bin/grep
configure:5693: checking for egrep
configure:5771: result: /usr/bin/grep -E
configure:5776: checking for ANSI C header files
configure:5806: gcc -c -g -O2  -I/usr/X11/include -I/usr/local/include  conftest.c >&5
configure:5812: $? = 0
configure:5911: gcc -o conftest -g -O2  -I/usr/X11/include -I/usr/local/include    -L/usr/X11/lib -R/usr/X11/lib -L/usr/local/lib -lm -lX11 conftest.c  >&5
configure:5914: $? = 0
configure:5920: ./conftest
configure:5923: $? = 0
configure:5940: result: yes
configure:5964: checking for sys/types.h
configure:5985: gcc -c -g -O2  -I/usr/X11/include -I/usr/local/include  conftest.c >&5
configure:5991: $? = 0
configure:6007: result: yes
configure:5964: checking for sys/stat.h
configure:5985: gcc -c -g -O2  -I/usr/X11/include -I/usr/local/include  conftest.c >&5
configure:5991: $? = 0
configure:6007: result: yes
configure:5964: checking for stdlib.h
configure:5985: gcc -c -g -O2  -I/usr/X11/include -I/usr/local/include  conftest.c >&5
configure:5991: $? = 0
configure:6007: result: yes
configure:5964: checking for string.h
configure:5985: gcc -c -g -O2  -I/usr/X11/include -I/usr/local/include  conftest.c >&5
configure:5991: $? = 0
configure:6007: result: yes
configure:5964: checking for memory.h
configure:5985: gcc -c -g -O2  -I/usr/X11/include -I/usr/local/include  conftest.c >&5
configure:5991: $? = 0
configure:6007: result: yes
configure:5964: checking for strings.h
configure:5985: gcc -c -g -O2  -I/usr/X11/include -I/usr/local/include  conftest.c >&5
configure:5991: $? = 0
configure:6007: result: yes
configure:5964: checking for inttypes.h
configure:5985: gcc -c -g -O2  -I/usr/X11/include -I/usr/local/include  conftest.c >&5
configure:5991: $? = 0
configure:6007: result: yes
configure:5964: checking for stdint.h
configure:5985: gcc -c -g -O2  -I/usr/X11/include -I/usr/local/include  conftest.c >&5
configure:5991: $? = 0
configure:6007: result: yes
configure:5964: checking for unistd.h
configure:5985: gcc -c -g -O2  -I/usr/X11/include -I/usr/local/include  conftest.c >&5
configure:5991: $? = 0
configure:6007: result: yes
configure:6034: checking limits.h usability
configure:6051: gcc -c -g -O2  -I/usr/X11/include -I/usr/local/include  conftest.c >&5
configure:6057: $? = 0
configure:6071: result: yes
configure:6075: checking limits.h presence
configure:6090: gcc -E  conftest.c
configure:6096: $? = 0
configure:6110: result: yes
configure:6138: checking for limits.h
configure:6146: result: yes
configure:6298: creating ./config.status

## ---------------------- ##
## Running config.status. ##
## ---------------------- ##

This file was extended by config.status, which was
generated by GNU Autoconf 2.61.  Invocation command line was

  CONFIG_FILES    = 
  CONFIG_HEADERS  = 
  CONFIG_LINKS    = 
  CONFIG_COMMANDS = 
  $ ./config.status 

on vp081070.reshsg.uci.edu

config.status:608: creating Makefile
config.status:608: creating demo/Makefile
config.status:608: creating g2_perl/Makefile.PL

## ---------------- ##
## Cache variables. ##
## ---------------- ##

ac_cv_build=i686-apple-darwin9.4.0
ac_cv_c_compiler_gnu=yes
ac_cv_cxx_compiler_gnu=yes
ac_cv_env_CCC_set=
ac_cv_env_CCC_value=
ac_cv_env_CC_set=
ac_cv_env_CC_value=
ac_cv_env_CFLAGS_set=
ac_cv_env_CFLAGS_value=
ac_cv_env_CPPFLAGS_set=
ac_cv_env_CPPFLAGS_value=
ac_cv_env_CPP_set=
ac_cv_env_CPP_value=
ac_cv_env_CXXFLAGS_set=
ac_cv_env_CXXFLAGS_value=
ac_cv_env_CXX_set=
ac_cv_env_CXX_value=
ac_cv_env_LDFLAGS_set=
ac_cv_env_LDFLAGS_value=
ac_cv_env_LIBS_set=
ac_cv_env_LIBS_value=
ac_cv_env_XMKMF_set=
ac_cv_env_XMKMF_value=
ac_cv_env_build_alias_set=
ac_cv_env_build_alias_value=
ac_cv_env_host_alias_set=
ac_cv_env_host_alias_value=
ac_cv_env_target_alias_set=
ac_cv_env_target_alias_value=
ac_cv_func_connect=yes
ac_cv_func_gethostbyname=yes
ac_cv_func_remove=yes
ac_cv_func_shmat=yes
ac_cv_have_x='have_x=yes	ac_x_includes='\''/usr/X11/include'\''	ac_x_libraries='\''/usr/X11/lib'\'''
ac_cv_header_inttypes_h=yes
ac_cv_header_limits_h=yes
ac_cv_header_memory_h=yes
ac_cv_header_stdc=yes
ac_cv_header_stdint_h=yes
ac_cv_header_stdlib_h=yes
ac_cv_header_string_h=yes
ac_cv_header_strings_h=yes
ac_cv_header_sys_stat_h=yes
ac_cv_header_sys_types_h=yes
ac_cv_header_unistd_h=yes
ac_cv_host=i686-apple-darwin9.4.0
ac_cv_lib_ICE_IceConnectionNumber=yes
ac_cv_lib_X11_main=yes
ac_cv_lib_dl_dlopen=yes
ac_cv_lib_gd_main=no
ac_cv_lib_m_main=yes
ac_cv_objext=o
ac_cv_path_EGREP='/usr/bin/grep -E'
ac_cv_path_GREP=/usr/bin/grep
ac_cv_path_install='/usr/bin/install -c'
ac_cv_prog_CPP='gcc -E'
ac_cv_prog_FIND=find
ac_cv_prog_MAKEDEPEND=makedepend
ac_cv_prog_ac_ct_CC=gcc
ac_cv_prog_ac_ct_CXX=g++
ac_cv_prog_ac_ct_RANLIB=ranlib
ac_cv_prog_cc_c89=
ac_cv_prog_cc_g=yes
ac_cv_prog_cxx_g=yes

## ----------------- ##
## Output variables. ##
## ----------------- ##

CC='gcc'
CFLAGS='-g -O2  -I/usr/X11/include -I/usr/local/include'
CPP='gcc -E'
CPPFLAGS=''
CXX='g++'
CXXFLAGS='-g -O2'
DEFS='-DPACKAGE_NAME=\"\" -DPACKAGE_TARNAME=\"\" -DPACKAGE_VERSION=\"\" -DPACKAGE_STRING=\"\" -DPACKAGE_BUGREPORT=\"\" -DUNIX=1 -DDO_PS=1 -DDO_FIG=1 -DDO_X11=1 -DSTDC_HEADERS=1 -DHAVE_SYS_TYPES_H=1 -DHAVE_SYS_STAT_H=1 -DHAVE_STDLIB_H=1 -DHAVE_STRING_H=1 -DHAVE_MEMORY_H=1 -DHAVE_STRINGS_H=1 -DHAVE_INTTYPES_H=1 -DHAVE_STDINT_H=1 -DHAVE_UNISTD_H=1 -DHAVE_LIMITS_H=1'
DO_FIG=''
DO_GD='#'
DO_PS=''
DO_WIN32='#'
DO_X11=''
ECHO_C='ECHO_N=''
ECHO_T=''
EGREP='/usr/bin/grep -E'
EXEEXT=''
FIND='find'
GREP='/usr/bin/grep'
INSTALL_DATA='${INSTALL} -m 644'
INSTALL_PROGRAM='${INSTALL}'
INSTALL_SCRIPT='${INSTALL}'
LDFLAGS='  -L/usr/X11/lib -R/usr/X11/lib -L/usr/local/lib -lm -lX11'
LD_SHARED=''
LD_SHARED_EXT='so'
LD_SHARED_FLAGS=''
LD_SHARED_OPT=''
LIBOBJS=''
LIBS=''
LTLIBOBJS=''
MAKEDEPEND='makedepend'
OBJEXT='o'
PACKAGE_BUGREPORT=''
PACKAGE_NAME=''
PACKAGE_STRING=''
PACKAGE_TARNAME=''
PACKAGE_VERSION=''
PATH_SEPARATOR=':'
RANLIB='ranlib'
SHELL='/bin/sh'
XMKMF=''
X_CFLAGS=' -I/usr/X11/include'
X_EXTRA_LIBS=''
X_LIBS=' -L/usr/X11/lib -R/usr/X11/lib'
X_PRE_LIBS=' -lSM -lICE'
ac_ct_CC='gcc'
ac_ct_CXX='g++'
bindir='${exec_prefix}/bin'
build='i686-apple-darwin9.4.0'
build_alias=''
build_cpu='i686'
build_os='darwin9.4.0'
build_vendor='apple'
datadir='${datarootdir}'
datarootdir='${prefix}/share'
docdir='${datarootdir}/doc/${PACKAGE}'
dvidir='${docdir}'
exec_prefix='${prefix}'
host='i686-apple-darwin9.4.0'
host_alias=''
host_cpu='i686'
host_os='darwin9.4.0'
host_vendor='apple'
htmldir='${docdir}'
includedir='${prefix}/include'
infodir='${datarootdir}/info'
libdir='${exec_prefix}/lib'
libexecdir='${exec_prefix}/libexec'
localedir='${datarootdir}/locale'
localstatedir='${prefix}/var'
mandir='${datarootdir}/man'
oldincludedir='/usr/include'
pdfdir='${docdir}'
prefix='/usr/local'
program_transform_name='s,x,x,'
psdir='${docdir}'
sbindir='${exec_prefix}/sbin'
sharedstatedir='${prefix}/com'
sysconfdir='${prefix}/etc'
target_alias=''

## ----------- ##
## confdefs.h. ##
## ----------- ##

#define PACKAGE_NAME ""
#define PACKAGE_TARNAME ""
#define PACKAGE_VERSION ""
#define PACKAGE_STRING ""
#define PACKAGE_BUGREPORT ""
#define UNIX 1
#define DO_PS 1
#define DO_FIG 1
#define DO_X11 1
#define STDC_HEADERS 1
#define HAVE_SYS_TYPES_H 1
#define HAVE_SYS_STAT_H 1
#define HAVE_STDLIB_H 1
#define HAVE_STRING_H 1
#define HAVE_MEMORY_H 1
#define HAVE_STRINGS_H 1
#define HAVE_INTTYPES_H 1
#define HAVE_STDINT_H 1
#define HAVE_UNISTD_H 1
#define HAVE_LIMITS_H 1

configure: exit 0
